{
  "RSpec": {
    "coverage": {
      "/Users/aeschright/code/calagator/spec/test_app/app/models/application_record.rb": {
        "lines": [
          1,
          1,
          null
        ],
        "branches": {
        }
      },
      "/Users/aeschright/code/calagator/spec/test_app/app/mailers/application_mailer.rb": {
        "lines": [
          0,
          0,
          0,
          0
        ],
        "branches": {
        }
      },
      "/Users/aeschright/code/calagator/spec/test_app/app/jobs/application_job.rb": {
        "lines": [
          0,
          null,
          null,
          null,
          null,
          null,
          0
        ],
        "branches": {
        }
      },
      "/Users/aeschright/code/calagator/spec/test_app/app/controllers/application_controller.rb": {
        "lines": [
          0,
          0
        ],
        "branches": {
        }
      },
      "/Users/aeschright/code/calagator/spec/test_app/app/helpers/application_helper.rb": {
        "lines": [
          0,
          0
        ],
        "branches": {
        }
      },
      "/Users/aeschright/code/calagator/spec/test_app/app/channels/application_cable/connection.rb": {
        "lines": [
          0,
          0,
          0,
          0
        ],
        "branches": {
        }
      },
      "/Users/aeschright/code/calagator/spec/test_app/app/channels/application_cable/channel.rb": {
        "lines": [
          0,
          0,
          0,
          0
        ],
        "branches": {
        }
      }
    },
    "timestamp": 1639609088
  }
}
