SF:./app/channels/application_cable/channel.rb
DA:1,0
DA:2,0
DA:3,0
DA:4,0
BRF:0
BRH:0
end_of_record
SF:./app/channels/application_cable/connection.rb
DA:1,0
DA:2,0
DA:3,0
DA:4,0
BRF:0
BRH:0
end_of_record
SF:./app/controllers/application_controller.rb
DA:1,0
DA:2,0
BRF:0
BRH:0
end_of_record
SF:./app/helpers/application_helper.rb
DA:1,0
DA:2,0
BRF:0
BRH:0
end_of_record
SF:./app/jobs/application_job.rb
DA:1,0
DA:7,0
BRF:0
BRH:0
end_of_record
SF:./app/mailers/application_mailer.rb
DA:1,0
DA:2,0
DA:3,0
DA:4,0
BRF:0
BRH:0
end_of_record
SF:./app/models/application_record.rb
DA:1,1
DA:2,1
BRF:0
BRH:0
end_of_record
